{"/home/wildman2bad/Desktop/typorm-be/src/__tests__/mocking/test.generator.ts": {"path":"/home/wildman2bad/Desktop/typorm-be/src/__tests__/mocking/test.generator.ts","statementMap":{"0":{"start":{"line":1,"column":0},"end":{"line":1,"column":40}},"1":{"start":{"line":2,"column":0},"end":{"line":2,"column":30}},"2":{"start":{"line":6,"column":17},"end":{"line":6,"column":27}},"3":{"start":{"line":7,"column":4},"end":{"line":7,"column":23}},"4":{"start":{"line":8,"column":4},"end":{"line":8,"column":29}},"5":{"start":{"line":9,"column":4},"end":{"line":9,"column":27}},"6":{"start":{"line":10,"column":4},"end":{"line":10,"column":16}},"7":{"start":{"line":14,"column":4},"end":{"line":17,"column":6}},"8":{"start":{"line":4,"column":0},"end":{"line":19,"column":1}}},"fnMap":{"0":{"name":"(anonymous_0)","decl":{"start":{"line":5,"column":2},"end":{"line":5,"column":7}},"loc":{"start":{"line":5,"column":48},"end":{"line":11,"column":3}}},"1":{"name":"(anonymous_1)","decl":{"start":{"line":13,"column":2},"end":{"line":13,"column":7}},"loc":{"start":{"line":13,"column":30},"end":{"line":18,"column":3}}}},"branchMap":{},"s":{"0":2,"1":2,"2":2,"3":2,"4":2,"5":2,"6":2,"7":3,"8":2},"f":{"0":2,"1":3},"b":{}}
,"/home/wildman2bad/Desktop/typorm-be/src/entity/Conversation.ts": {"path":"/home/wildman2bad/Desktop/typorm-be/src/entity/Conversation.ts","statementMap":{"0":{"start":{"line":1,"column":0},"end":{"line":1,"column":71}},"1":{"start":{"line":4,"column":0},"end":{"line":11,"column":1}},"2":{"start":{"line":6,"column":2},"end":{"line":6,"column":13}},"3":{"start":{"line":10,"column":2},"end":{"line":10,"column":18}},"4":{"start":{"line":4,"column":13},"end":{"line":11,"column":1}},"5":{"start":{"line":4,"column":13},"end":{"line":4,"column":25}}},"fnMap":{},"branchMap":{},"s":{"0":2,"1":2,"2":2,"3":2,"4":2,"5":2},"f":{},"b":{}}
,"/home/wildman2bad/Desktop/typorm-be/src/entity/Message.ts": {"path":"/home/wildman2bad/Desktop/typorm-be/src/entity/Message.ts","statementMap":{"0":{"start":{"line":1,"column":0},"end":{"line":1,"column":56}},"1":{"start":{"line":4,"column":0},"end":{"line":7,"column":1}},"2":{"start":{"line":6,"column":2},"end":{"line":6,"column":13}},"3":{"start":{"line":4,"column":13},"end":{"line":7,"column":1}},"4":{"start":{"line":4,"column":13},"end":{"line":4,"column":20}}},"fnMap":{},"branchMap":{},"s":{"0":1,"1":1,"2":1,"3":1,"4":1},"f":{},"b":{}}
,"/home/wildman2bad/Desktop/typorm-be/src/entity/User.ts": {"path":"/home/wildman2bad/Desktop/typorm-be/src/entity/User.ts","statementMap":{"0":{"start":{"line":1,"column":0},"end":{"line":10,"column":16}},"1":{"start":{"line":12,"column":0},"end":{"line":12,"column":31}},"2":{"start":{"line":13,"column":0},"end":{"line":13,"column":45}},"3":{"start":{"line":15,"column":0},"end":{"line":19,"column":1}},"4":{"start":{"line":16,"column":2},"end":{"line":16,"column":19}},"5":{"start":{"line":17,"column":2},"end":{"line":17,"column":25}},"6":{"start":{"line":18,"column":2},"end":{"line":18,"column":15}},"7":{"start":{"line":22,"column":0},"end":{"line":60,"column":1}},"8":{"start":{"line":57,"column":21},"end":{"line":57,"column":52}},"9":{"start":{"line":58,"column":4},"end":{"line":58,"column":29}},"10":{"start":{"line":24,"column":2},"end":{"line":24,"column":13}},"11":{"start":{"line":27,"column":2},"end":{"line":27,"column":19}},"12":{"start":{"line":30,"column":2},"end":{"line":30,"column":19}},"13":{"start":{"line":33,"column":2},"end":{"line":33,"column":16}},"14":{"start":{"line":40,"column":2},"end":{"line":40,"column":17}},"15":{"start":{"line":43,"column":2},"end":{"line":43,"column":20}},"16":{"start":{"line":46,"column":2},"end":{"line":46,"column":18}},"17":{"start":{"line":49,"column":2},"end":{"line":49,"column":18}},"18":{"start":{"line":53,"column":2},"end":{"line":53,"column":32}},"19":{"start":{"line":51,"column":22},"end":{"line":51,"column":34}},"20":{"start":{"line":51,"column":52},"end":{"line":51,"column":70}},"21":{"start":{"line":56,"column":2},"end":{"line":59,"column":3}},"22":{"start":{"line":22,"column":13},"end":{"line":60,"column":1}},"23":{"start":{"line":22,"column":13},"end":{"line":22,"column":17}}},"fnMap":{"0":{"name":"(anonymous_8)","decl":{"start":{"line":15,"column":0},"end":{"line":15,"column":11}},"loc":{"start":{"line":15,"column":18},"end":{"line":19,"column":1}}},"1":{"name":"(anonymous_9)","decl":{"start":{"line":56,"column":8},"end":{"line":56,"column":19}},"loc":{"start":{"line":56,"column":20},"end":{"line":59,"column":3}}},"2":{"name":"(anonymous_11)","decl":{"start":{"line":51,"column":14},"end":{"line":51,"column":17}},"loc":{"start":{"line":51,"column":22},"end":{"line":51,"column":34}}},"3":{"name":"(anonymous_12)","decl":{"start":{"line":51,"column":36},"end":{"line":51,"column":47}},"loc":{"start":{"line":51,"column":52},"end":{"line":51,"column":70}}}},"branchMap":{"0":{"loc":{"start":{"line":15,"column":12},"end":{"line":15,"column":18}},"type":"binary-expr","locations":[{"start":{"line":15,"column":12},"end":{"line":15,"column":18}},{"start":{"line":15,"column":12},"end":{"line":15,"column":18}}]},"1":{"loc":{"start":{"line":46,"column":17},"end":{"line":null,"column":-1}},"type":"cond-expr","locations":[{"start":{"line":46,"column":17},"end":{"line":null,"column":-1}},{"start":{"line":46,"column":17},"end":{"line":null,"column":-1}}]},"2":{"loc":{"start":{"line":46,"column":13},"end":{"line":46,"column":17}},"type":"binary-expr","locations":[{"start":{"line":46,"column":13},"end":{"line":46,"column":17}}]},"3":{"loc":{"start":{"line":49,"column":17},"end":{"line":null,"column":-1}},"type":"cond-expr","locations":[{"start":{"line":49,"column":17},"end":{"line":null,"column":-1}},{"start":{"line":49,"column":17},"end":{"line":null,"column":-1}}]},"4":{"loc":{"start":{"line":49,"column":13},"end":{"line":49,"column":17}},"type":"binary-expr","locations":[{"start":{"line":49,"column":13},"end":{"line":49,"column":17}}]}},"s":{"0":2,"1":2,"2":2,"3":2,"4":2,"5":2,"6":2,"7":2,"8":2,"9":2,"10":2,"11":2,"12":2,"13":2,"14":2,"15":2,"16":2,"17":2,"18":2,"19":1,"20":1,"21":2,"22":2,"23":2},"f":{"0":2,"1":2,"2":1,"3":1},"b":{"0":[2,2],"1":[2,0],"2":[2],"3":[2,0],"4":[2]}}
,"/home/wildman2bad/Desktop/typorm-be/src/helpers/conversationRepo.ts": {"path":"/home/wildman2bad/Desktop/typorm-be/src/helpers/conversationRepo.ts","statementMap":{"0":{"start":{"line":1,"column":0},"end":{"line":1,"column":39}},"1":{"start":{"line":2,"column":0},"end":{"line":2,"column":43}},"2":{"start":{"line":3,"column":0},"end":{"line":3,"column":53}},"3":{"start":{"line":5,"column":13},"end":{"line":6,"column":46}},"4":{"start":{"line":6,"column":2},"end":{"line":6,"column":45}}},"fnMap":{"0":{"name":"(anonymous_0)","decl":{"start":{"line":5,"column":32},"end":{"line":5,"column":34}},"loc":{"start":{"line":6,"column":2},"end":{"line":6,"column":45}}}},"branchMap":{},"s":{"0":1,"1":1,"2":1,"3":1,"4":1},"f":{"0":1},"b":{}}
,"/home/wildman2bad/Desktop/typorm-be/src/helpers/userRepo.ts": {"path":"/home/wildman2bad/Desktop/typorm-be/src/helpers/userRepo.ts","statementMap":{"0":{"start":{"line":1,"column":0},"end":{"line":1,"column":75}},"1":{"start":{"line":2,"column":0},"end":{"line":2,"column":37}},"2":{"start":{"line":4,"column":13},"end":{"line":5,"column":54}},"3":{"start":{"line":5,"column":2},"end":{"line":5,"column":53}},"4":{"start":{"line":7,"column":13},"end":{"line":12,"column":18}},"5":{"start":{"line":15,"column":0},"end":{"line":28,"column":1}},"6":{"start":{"line":17,"column":4},"end":{"line":19,"column":17}},"7":{"start":{"line":23,"column":4},"end":{"line":26,"column":6}},"8":{"start":{"line":15,"column":13},"end":{"line":28,"column":1}},"9":{"start":{"line":15,"column":13},"end":{"line":15,"column":27}}},"fnMap":{"0":{"name":"(anonymous_1)","decl":{"start":{"line":4,"column":24},"end":{"line":4,"column":26}},"loc":{"start":{"line":5,"column":2},"end":{"line":5,"column":53}}},"1":{"name":"(anonymous_2)","decl":{"start":{"line":16,"column":2},"end":{"line":16,"column":12}},"loc":{"start":{"line":16,"column":31},"end":{"line":20,"column":3}}},"2":{"name":"(anonymous_3)","decl":{"start":{"line":22,"column":2},"end":{"line":22,"column":10}},"loc":{"start":{"line":22,"column":44},"end":{"line":27,"column":3}}}},"branchMap":{"0":{"loc":{"start":{"line":9,"column":6},"end":{"line":9,"column":12}},"type":"cond-expr","locations":[{"start":{"line":9,"column":6},"end":{"line":9,"column":12}},{"start":{"line":10,"column":6},"end":{"line":12,"column":17}}]},"1":{"loc":{"start":{"line":11,"column":8},"end":{"line":11,"column":20}},"type":"cond-expr","locations":[{"start":{"line":11,"column":8},"end":{"line":11,"column":20}},{"start":{"line":12,"column":8},"end":{"line":12,"column":17}}]}},"s":{"0":1,"1":1,"2":1,"3":4,"4":1,"5":1,"6":0,"7":0,"8":1,"9":1},"f":{"0":4,"1":0,"2":0},"b":{"0":[1,0],"1":[0,0]}}
}
