TN:
SF:/home/wildman2bad/Desktop/typorm-be/src/__tests__/mocking/test.generator.ts
FN:5,(anonymous_0)
FN:13,(anonymous_1)
FNF:2
FNH:2
FNDA:2,(anonymous_0)
FNDA:3,(anonymous_1)
DA:1,2
DA:2,2
DA:4,2
DA:6,2
DA:7,2
DA:8,2
DA:9,2
DA:10,2
DA:14,3
LF:9
LH:9
BRF:0
BRH:0
end_of_record
TN:
SF:/home/wildman2bad/Desktop/typorm-be/src/entity/Conversation.ts
FNF:0
FNH:0
DA:1,2
DA:4,2
DA:6,2
DA:10,2
LF:4
LH:4
BRF:0
BRH:0
end_of_record
TN:
SF:/home/wildman2bad/Desktop/typorm-be/src/entity/Message.ts
FNF:0
FNH:0
DA:1,1
DA:4,1
DA:6,1
LF:3
LH:3
BRF:0
BRH:0
end_of_record
TN:
SF:/home/wildman2bad/Desktop/typorm-be/src/entity/User.ts
FN:15,(anonymous_8)
FN:56,(anonymous_9)
FN:51,(anonymous_11)
FN:51,(anonymous_12)
FNF:4
FNH:4
FNDA:2,(anonymous_8)
FNDA:2,(anonymous_9)
FNDA:1,(anonymous_11)
FNDA:1,(anonymous_12)
DA:1,2
DA:12,2
DA:13,2
DA:15,2
DA:16,2
DA:17,2
DA:18,2
DA:22,2
DA:24,2
DA:27,2
DA:30,2
DA:33,2
DA:40,2
DA:43,2
DA:46,2
DA:49,2
DA:51,1
DA:53,2
DA:56,2
DA:57,2
DA:58,2
LF:21
LH:21
BRDA:15,0,0,2
BRDA:15,0,1,2
BRDA:46,1,0,2
BRDA:46,1,1,0
BRDA:46,2,0,2
BRDA:49,3,0,2
BRDA:49,3,1,0
BRDA:49,4,0,2
BRF:8
BRH:6
end_of_record
TN:
SF:/home/wildman2bad/Desktop/typorm-be/src/helpers/conversationRepo.ts
FN:5,(anonymous_0)
FNF:1
FNH:1
FNDA:1,(anonymous_0)
DA:1,1
DA:2,1
DA:3,1
DA:5,1
DA:6,1
LF:5
LH:5
BRF:0
BRH:0
end_of_record
TN:
SF:/home/wildman2bad/Desktop/typorm-be/src/helpers/userRepo.ts
FN:4,(anonymous_1)
FN:16,(anonymous_2)
FN:22,(anonymous_3)
FNF:3
FNH:1
FNDA:4,(anonymous_1)
FNDA:0,(anonymous_2)
FNDA:0,(anonymous_3)
DA:1,1
DA:2,1
DA:4,1
DA:5,4
DA:7,1
DA:15,1
DA:17,0
DA:23,0
LF:8
LH:6
BRDA:9,0,0,1
BRDA:9,0,1,0
BRDA:11,1,0,0
BRDA:11,1,1,0
BRF:4
BRH:1
end_of_record
